<?xml version="1.0" encoding="UTF-8"?>
<testsuite xmlns:xsi="http://www.w3.org/2001/XMLSchema-instance" xsi:schemaLocation="https://maven.apache.org/surefire/maven-surefire-plugin/xsd/surefire-test-report.xsd" name="TestSuite" time="18.055" tests="2" errors="0" skipped="0" failures="2">
  <properties>
[...]
</properties>
  <testcase name="feature" classname="runners.MainRunner" time="7.996">
    <failure message="java.lang.AssertionError" type="cucumber.runtime.CucumberException">cucumber.runtime.CucumberException: java.lang.AssertionError
Caused by: java.lang.AssertionError
</failure>
    <system-out><![CDATA[...
... TestNG 6.9.10 by Cédric Beust (cedric@beust.com)
...

Feature: Submit data to webdriveruniversity.com using contact us form
WebElement is visible using locator: <[[ChromeDriver: chrome on XP (d5c52a8a7e821fcb19890df54e4714cf)] -> xpath: //input[@name='first_name']]]]><![CDATA[>
Successfully Sent the following keys: 'Tom' to element: <[[ChromeDriver: chrome on XP (d5c52a8a7e821fcb19890df54e4714cf)] -> xpath: //input[@name='first_name']]]]><![CDATA[>
WebElement is visible using locator: <[[ChromeDriver: chrome on XP (d5c52a8a7e821fcb19890df54e4714cf)] -> xpath: //input[@name='last_name']]]]><![CDATA[>
Successfully Sent the following keys: 'jackson' to element: <[[ChromeDriver: chrome on XP (d5c52a8a7e821fcb19890df54e4714cf)] -> xpath: //input[@name='last_name']]]]><![CDATA[>
WebElement is visible using locator: <[[ChromeDriver: chrome on XP (d5c52a8a7e821fcb19890df54e4714cf)] -> xpath: //input[@name='email']]]]><![CDATA[>
Successfully Sent the following keys: 'webdriveruniversity@outlook.com' to element: <[[ChromeDriver: chrome on XP (d5c52a8a7e821fcb19890df54e4714cf)] -> xpath: //input[@name='email']]]]><![CDATA[>
WebElement is visible using locator: <[[ChromeDriver: chrome on XP (d5c52a8a7e821fcb19890df54e4714cf)] -> xpath: //textarea[@name='message']]]]><![CDATA[>
Successfully Sent the following keys: 'example comment two' to element: <[[ChromeDriver: chrome on XP (d5c52a8a7e821fcb19890df54e4714cf)] -> xpath: //textarea[@name='message']]]]><![CDATA[>

  Scenario: Submit valid data via contact us form                                 # contactus.feature:3
    Given I access webdriveruniversity contact us form                            # ContactUsSteps.i_access_webdriveruniversity_contact_us_form()
    When I enter a valid firstname                                                # ContactUsSteps.i_enter_a_valid_firstname()
    When I enter a valid last name                                                # ContactUsSteps.i_enter_a_valid_last_name(DataTable)
    And i enter a valid email address                                             # ContactUsSteps.i_enter_a_valid_email_address()
    And i enter comments                                                          # ContactUsSteps.i_enter_comments(DataTable)
    When i click on the submit button                                             # ContactUsSteps.i_click_on_the_submit_button()
      java.lang.AssertionError
      	at org.junit.Assert.fail(Assert.java:86)
      	at org.junit.Assert.fail(Assert.java:95)
      	at pageObjects.ContactUs_Page.clickOnSubmiButton(ContactUs_Page.java:50)
      	at stepDefinitions.ContactUsSteps.i_click_on_the_submit_button(ContactUsSteps.java:46)
      	at ?.When i click on the submit button(contactus.feature:11)

    Then the information should successfully be submitted via the contact us form # ContactUsSteps.the_information_should_successfully_be_submitted_via_the_contact_us_form()
]]></system-out>
    <system-err><![CDATA[Starting ChromeDriver 2.38.552522 (437e6fbedfa8762dec75e2c5b3ddb86763dc9dcb) on port 4197
Only local connections are allowed.
Mar 23, 2020 9:36:25 AM org.openqa.selenium.remote.ProtocolHandshake createSession
INFO: Detected dialect: OSS
]]></system-err>
  </testcase>
  <testcase name="feature" classname="runners.MainRunner" time="8.992">
    <failure message="java.lang.AssertionError" type="cucumber.runtime.CucumberException">cucumber.runtime.CucumberException: java.lang.AssertionError
Caused by: java.lang.AssertionError
</failure>
    <system-out><![CDATA[Feature: Products page

  Scenario Outline: validate promo code alert is visible when clicking on the special offers link # products.feature:3
    Given user navigates to "<url>" website
    When user clicks on "<button>"
    Then user should be presented with a promo alert

    Examples: 

  Scenario Outline: validate promo code alert is visible when clicking on the special offers link        # products.feature:10
    Given user navigates to "http://www.webdriveruniversity.com/Page-Object-Model/products.html" website # ProductSteps.user_navigates_to_website(String)
    When user clicks on "#container-special-offers2"                                                     # ProductSteps.user_clicks_on(String)
      java.lang.AssertionError
      	at org.junit.Assert.fail(Assert.java:86)
      	at org.junit.Assert.fail(Assert.java:95)
      	at stepDefinitions.ProductSteps.user_clicks_on(ProductSteps.java:20)
      	at ?.When user clicks on "#container-special-offers2"(products.feature:5)

    Then user should be presented with a promo alert                                                     # ProductSteps.user_should_be_presented_with_a_promo_alert()
]]></system-out>
    <system-err><![CDATA[Starting ChromeDriver 2.38.552522 (437e6fbedfa8762dec75e2c5b3ddb86763dc9dcb) on port 33916
Only local connections are allowed.
Mar 23, 2020 9:36:32 AM org.openqa.selenium.remote.ProtocolHandshake createSession
INFO: Detected dialect: OSS
]]></system-err>
  </testcase>
</testsuite>